[0.010s] Invoking command in '/home/alves/LASER/teste/src/laser_uav_px4_api/build/laser_uav_px4_api': CMAKE_PREFIX_PATH=${CMAKE_PREFIX_PATH}:/opt/ros/humble /usr/bin/cmake --build /home/alves/LASER/teste/src/laser_uav_px4_api/build/laser_uav_px4_api
[0.048s] [35m[1mConsolidate compiler generated dependencies of target api_core[0m
[0.066s] [ 25%] [32mBuilding CXX object CMakeFiles/api_core.dir/src/api_node.cpp.o[0m
[2.469s] [01m[K/home/alves/LASER/teste/src/laser_uav_px4_api/src/api_node.cpp:[m[K In member function â€˜[01m[Kvoid laser_uav_px4_api::ApiNode::subRcPx4(const ManualControlSetpoint&)[m[Kâ€™:
[2.469s] [01m[K/home/alves/LASER/teste/src/laser_uav_px4_api/src/api_node.cpp:279:9:[m[K [01;31m[Kerror: [m[Kâ€˜[01m[Kmode_switch[m[Kâ€™ was not declared in this scope
[2.470s]   279 |         [01;31m[Kmode_switch[m[K = !mode_switch;
[2.470s]       |         [01;31m[K^~~~~~~~~~~[m[K
[2.501s] [01m[K/home/alves/LASER/teste/src/laser_uav_px4_api/src/api_node.cpp:[m[K In member function â€˜[01m[Kvoid laser_uav_px4_api::ApiNode::tmrPubRcPx4()[m[Kâ€™:
[2.501s] [01m[K/home/alves/LASER/teste/src/laser_uav_px4_api/src/api_node.cpp:434:9:[m[K [01;31m[Kerror: [m[Kâ€˜[01m[Kmode_switch[m[Kâ€™ was not declared in this scope
[2.501s]   434 |     if ([01;31m[Kmode_switch[m[K == 1)
[2.502s]       |         [01;31m[K^~~~~~~~~~~[m[K
[2.502s] [01m[K/home/alves/LASER/teste/src/laser_uav_px4_api/src/api_node.cpp:437:22:[m[K [01;31m[Kerror: [m[Kâ€˜[01m[Kusing _position_type = struct geometry_msgs::msg::Point_<std::allocator<void> >[m[Kâ€™ {aka â€˜[01m[Kstruct geometry_msgs::msg::Point_<std::allocator<void> >[m[Kâ€™} has no member named â€˜[01m[Kposition[m[Kâ€™
[2.502s]   437 |         msg.position.[01;31m[Kposition[m[K.x = x;
[2.502s]       |                      [01;31m[K^~~~~~~~[m[K
[2.502s] [01m[K/home/alves/LASER/teste/src/laser_uav_px4_api/src/api_node.cpp:438:22:[m[K [01;31m[Kerror: [m[Kâ€˜[01m[Kusing _position_type = struct geometry_msgs::msg::Point_<std::allocator<void> >[m[Kâ€™ {aka â€˜[01m[Kstruct geometry_msgs::msg::Point_<std::allocator<void> >[m[Kâ€™} has no member named â€˜[01m[Kposition[m[Kâ€™
[2.502s]   438 |         msg.position.[01;31m[Kposition[m[K.y = y;
[2.502s]       |                      [01;31m[K^~~~~~~~[m[K
[2.502s] [01m[K/home/alves/LASER/teste/src/laser_uav_px4_api/src/api_node.cpp:439:22:[m[K [01;31m[Kerror: [m[Kâ€˜[01m[Kusing _position_type = struct geometry_msgs::msg::Point_<std::allocator<void> >[m[Kâ€™ {aka â€˜[01m[Kstruct geometry_msgs::msg::Point_<std::allocator<void> >[m[Kâ€™} has no member named â€˜[01m[Kposition[m[Kâ€™
[2.502s]   439 |         msg.position.[01;31m[Kposition[m[K.z = z;
[2.502s]       |                      [01;31m[K^~~~~~~~[m[K
[9.575s] gmake[2]: *** [CMakeFiles/api_core.dir/build.make:76: CMakeFiles/api_core.dir/src/api_node.cpp.o] Erro 1
[9.575s] gmake[1]: *** [CMakeFiles/Makefile2:165: CMakeFiles/api_core.dir/all] Erro 2
[9.576s] gmake: *** [Makefile:146: all] Erro 2
[9.579s] Invoked command in '/home/alves/LASER/teste/src/laser_uav_px4_api/build/laser_uav_px4_api' returned '2': CMAKE_PREFIX_PATH=${CMAKE_PREFIX_PATH}:/opt/ros/humble /usr/bin/cmake --build /home/alves/LASER/teste/src/laser_uav_px4_api/build/laser_uav_px4_api
