[0.012s] Invoking command in '/home/alves/LASER/teste/src/laser_uav_px4_api/build/laser_uav_px4_api': CMAKE_PREFIX_PATH=${CMAKE_PREFIX_PATH}:/opt/ros/humble /usr/bin/cmake --build /home/alves/LASER/teste/src/laser_uav_px4_api/build/laser_uav_px4_api
[0.061s] [35m[1mConsolidate compiler generated dependencies of target api_core[0m
[0.078s] [ 25%] [32mBuilding CXX object CMakeFiles/api_core.dir/src/api_node.cpp.o[0m
[2.450s] [01m[K/home/alves/LASER/teste/src/laser_uav_px4_api/src/api_node.cpp:268:6:[m[K [01;31m[Kerror: [m[Kno declaration matches â€˜[01m[Kvoid laser_uav_px4_api::ApiNode::subRcPx4(px4_msgs::msg::ManualControlSetpoint_<std::allocator<void> >::SharedPtr)[m[Kâ€™
[2.450s]   268 | void [01;31m[KApiNode[m[K::subRcPx4(const px4_msgs::msg::ManualControlSetpoint::SharedPtr msg)
[2.450s]       |      [01;31m[K^~~~~~~[m[K
[2.450s] In file included from [01m[K/home/alves/LASER/teste/src/laser_uav_px4_api/src/api_node.cpp:1[m[K:
[2.450s] [01m[K/home/alves/LASER/teste/src/laser_uav_px4_api/include/laser_uav_px4_api/api_node.hpp:66:73:[m[K [01;36m[Knote: [m[Kcandidate is: â€˜[01m[Kvoid laser_uav_px4_api::ApiNode::subRcPx4(const ManualControlSetpoint&)[m[Kâ€™
[2.450s]    66 |   void                                                                  [01;36m[KsubRcPx4[m[K(const px4_msgs::msg::ManualControlSetpoint &msg);
[2.450s]       |                                                                         [01;36m[K^~~~~~~~[m[K
[2.450s] [01m[K/home/alves/LASER/teste/src/laser_uav_px4_api/include/laser_uav_px4_api/api_node.hpp:37:7:[m[K [01;36m[Knote: [m[Kâ€˜[01m[Kclass laser_uav_px4_api::ApiNode[m[Kâ€™ defined here
[2.450s]    37 | class [01;36m[KApiNode[m[K : public rclcpp_lifecycle::LifecycleNode {
[2.450s]       |       [01;36m[K^~~~~~~[m[K
[2.478s] [01m[K/home/alves/LASER/teste/src/laser_uav_px4_api/src/api_node.cpp:[m[K In member function â€˜[01m[Kvoid laser_uav_px4_api::ApiNode::tmrPubRcPx4()[m[Kâ€™:
[2.478s] [01m[K/home/alves/LASER/teste/src/laser_uav_px4_api/src/api_node.cpp:430:13:[m[K [01;31m[Kerror: [m[Kâ€˜[01m[Kstruct laser_msgs::msg::PoseWithHeading_<std::allocator<void> >[m[Kâ€™ has no member named â€˜[01m[Kpose[m[Kâ€™
[2.478s]   430 |         msg.[01;31m[Kpose[m[K.position.x = x;
[2.478s]       |             [01;31m[K^~~~[m[K
[2.478s] [01m[K/home/alves/LASER/teste/src/laser_uav_px4_api/src/api_node.cpp:431:13:[m[K [01;31m[Kerror: [m[Kâ€˜[01m[Kstruct laser_msgs::msg::PoseWithHeading_<std::allocator<void> >[m[Kâ€™ has no member named â€˜[01m[Kpose[m[Kâ€™
[2.478s]   431 |         msg.[01;31m[Kpose[m[K.position.y = y;
[2.478s]       |             [01;31m[K^~~~[m[K
[2.478s] [01m[K/home/alves/LASER/teste/src/laser_uav_px4_api/src/api_node.cpp:432:13:[m[K [01;31m[Kerror: [m[Kâ€˜[01m[Kstruct laser_msgs::msg::PoseWithHeading_<std::allocator<void> >[m[Kâ€™ has no member named â€˜[01m[Kpose[m[Kâ€™
[2.478s]   432 |         msg.[01;31m[Kpose[m[K.position.z = z;
[2.478s]       |             [01;31m[K^~~~[m[K
[9.564s] gmake[2]: *** [CMakeFiles/api_core.dir/build.make:76: CMakeFiles/api_core.dir/src/api_node.cpp.o] Erro 1
[9.565s] gmake[1]: *** [CMakeFiles/Makefile2:165: CMakeFiles/api_core.dir/all] Erro 2
[9.565s] gmake: *** [Makefile:146: all] Erro 2
[9.567s] Invoked command in '/home/alves/LASER/teste/src/laser_uav_px4_api/build/laser_uav_px4_api' returned '2': CMAKE_PREFIX_PATH=${CMAKE_PREFIX_PATH}:/opt/ros/humble /usr/bin/cmake --build /home/alves/LASER/teste/src/laser_uav_px4_api/build/laser_uav_px4_api
