[35m[1mConsolidate compiler generated dependencies of target api_core[0m
[ 25%] [32mBuilding CXX object CMakeFiles/api_core.dir/src/api_node.cpp.o[0m
[01m[K/home/alves/LASER/teste/src/laser_uav_px4_api/src/api_node.cpp:[m[K In member function â€˜[01m[Kvoid laser_uav_px4_api::ApiNode::subRcPx4(const ManualControlSetpoint&)[m[Kâ€™:
[01m[K/home/alves/LASER/teste/src/laser_uav_px4_api/src/api_node.cpp:275:23:[m[K [01;31m[Kerror: [m[Kâ€˜[01m[Kconst ManualControlSetpoint[m[Kâ€™ {aka â€˜[01m[Kconst struct px4_msgs::msg::ManualControlSetpoint_<std::allocator<void> >[m[Kâ€™} has no member named â€˜[01m[Kmode_switch[m[Kâ€™
  275 |     mode_switch = msg.[01;31m[Kmode_switch[m[K;
      |                       [01;31m[K^~~~~~~~~~~[m[K
[01m[K/home/alves/LASER/teste/src/laser_uav_px4_api/src/api_node.cpp:[m[K In member function â€˜[01m[Kvoid laser_uav_px4_api::ApiNode::tmrPubRcPx4()[m[Kâ€™:
[01m[K/home/alves/LASER/teste/src/laser_uav_px4_api/src/api_node.cpp:430:13:[m[K [01;31m[Kerror: [m[Kâ€˜[01m[Kstruct laser_msgs::msg::PoseWithHeading_<std::allocator<void> >[m[Kâ€™ has no member named â€˜[01m[Kpose[m[Kâ€™
  430 |         msg.[01;31m[Kpose[m[K.position.x = x;
      |             [01;31m[K^~~~[m[K
[01m[K/home/alves/LASER/teste/src/laser_uav_px4_api/src/api_node.cpp:431:13:[m[K [01;31m[Kerror: [m[Kâ€˜[01m[Kstruct laser_msgs::msg::PoseWithHeading_<std::allocator<void> >[m[Kâ€™ has no member named â€˜[01m[Kpose[m[Kâ€™
  431 |         msg.[01;31m[Kpose[m[K.position.y = y;
      |             [01;31m[K^~~~[m[K
[01m[K/home/alves/LASER/teste/src/laser_uav_px4_api/src/api_node.cpp:432:13:[m[K [01;31m[Kerror: [m[Kâ€˜[01m[Kstruct laser_msgs::msg::PoseWithHeading_<std::allocator<void> >[m[Kâ€™ has no member named â€˜[01m[Kpose[m[Kâ€™
  432 |         msg.[01;31m[Kpose[m[K.position.z = z;
      |             [01;31m[K^~~~[m[K
gmake[2]: *** [CMakeFiles/api_core.dir/build.make:76: CMakeFiles/api_core.dir/src/api_node.cpp.o] Erro 1
gmake[1]: *** [CMakeFiles/Makefile2:165: CMakeFiles/api_core.dir/all] Erro 2
gmake: *** [Makefile:146: all] Erro 2
