[01m[K/home/alves/LASER/teste/src/laser_uav_px4_api/src/api_node.cpp:[m[K In member function â€˜[01m[Kvoid laser_uav_px4_api::ApiNode::configTimers()[m[Kâ€™:
[01m[K/home/alves/LASER/teste/src/laser_uav_px4_api/src/api_node.cpp:216:7:[m[K [01;31m[Kerror: [m[Kunable to find numeric literal operator â€˜[01m[Koperator""ms[m[Kâ€™
  216 |       [01;31m[K500ms[m[K, std::bind(&Px4Listener::tmrPubRcPx4, this));
      |       [01;31m[K^~~~~[m[K
[01m[K/home/alves/LASER/teste/src/laser_uav_px4_api/src/api_node.cpp:216:25:[m[K [01;31m[Kerror: [m[Kâ€˜[01m[KPx4Listener[m[Kâ€™ has not been declared
  216 |       500ms, std::bind(&[01;31m[KPx4Listener[m[K::tmrPubRcPx4, this));
      |                         [01;31m[K^~~~~~~~~~~[m[K
[01m[K/home/alves/LASER/teste/src/laser_uav_px4_api/src/api_node.cpp:[m[K In function â€˜[01m[Kvoid laser_uav_px4_api::subRcPx4(px4_msgs::msg::ManualControlSetpoint_<std::allocator<void> >::SharedPtr)[m[Kâ€™:
[01m[K/home/alves/LASER/teste/src/laser_uav_px4_api/src/api_node.cpp:270:5:[m[K [01;31m[Kerror: [m[Kâ€˜[01m[Kx[m[Kâ€™ was not declared in this scope
  270 |     [01;31m[Kx[m[K = msg->pitch;
      |     [01;31m[K^[m[K
[01m[K/home/alves/LASER/teste/src/laser_uav_px4_api/src/api_node.cpp:271:5:[m[K [01;31m[Kerror: [m[Kâ€˜[01m[Ky[m[Kâ€™ was not declared in this scope; did you mean â€˜[01m[Kyn[m[Kâ€™?
  271 |     [01;31m[Ky[m[K = msg->roll;
      |     [01;31m[K^[m[K
      |     [32m[Kyn[m[K
[01m[K/home/alves/LASER/teste/src/laser_uav_px4_api/src/api_node.cpp:272:5:[m[K [01;31m[Kerror: [m[Kâ€˜[01m[Kheading[m[Kâ€™ was not declared in this scope
  272 |     [01;31m[Kheading[m[K = msg->yaw;
      |     [01;31m[K^~~~~~~[m[K
[01m[K/home/alves/LASER/teste/src/laser_uav_px4_api/src/api_node.cpp:273:5:[m[K [01;31m[Kerror: [m[Kâ€˜[01m[Kz[m[Kâ€™ was not declared in this scope
  273 |     [01;31m[Kz[m[K = msg->throttle;
      |     [01;31m[K^[m[K
[01m[K/home/alves/LASER/teste/src/laser_uav_px4_api/src/api_node.cpp:275:5:[m[K [01;31m[Kerror: [m[Kâ€˜[01m[Kmode_switch[m[Kâ€™ was not declared in this scope
  275 |     [01;31m[Kmode_switch[m[K = msg->mode_switch;
      |     [01;31m[K^~~~~~~~~~~[m[K
[01m[K/home/alves/LASER/teste/src/laser_uav_px4_api/src/api_node.cpp:275:24:[m[K [01;31m[Kerror: [m[Kâ€˜[01m[Kusing element_type = struct px4_msgs::msg::ManualControlSetpoint_<std::allocator<void> >[m[Kâ€™ {aka â€˜[01m[Kstruct px4_msgs::msg::ManualControlSetpoint_<std::allocator<void> >[m[Kâ€™} has no member named â€˜[01m[Kmode_switch[m[Kâ€™
  275 |     mode_switch = msg->[01;31m[Kmode_switch[m[K;
      |                        [01;31m[K^~~~~~~~~~~[m[K
[01m[K/home/alves/LASER/teste/src/laser_uav_px4_api/src/api_node.cpp:[m[K In function â€˜[01m[Kvoid laser_uav_px4_api::tmrPubRcPx4()[m[Kâ€™:
[01m[K/home/alves/LASER/teste/src/laser_uav_px4_api/src/api_node.cpp:427:9:[m[K [01;31m[Kerror: [m[Kâ€˜[01m[Kmode_switch[m[Kâ€™ was not declared in this scope
  427 |     if ([01;31m[Kmode_switch[m[K == 1)
      |         [01;31m[K^~~~~~~~~~~[m[K
[01m[K/home/alves/LASER/teste/src/laser_uav_px4_api/src/api_node.cpp:430:13:[m[K [01;31m[Kerror: [m[Kâ€˜[01m[Kstruct laser_msgs::msg::PoseWithHeading_<std::allocator<void> >[m[Kâ€™ has no member named â€˜[01m[Kpose[m[Kâ€™
  430 |         msg.[01;31m[Kpose[m[K.position.x = x;
      |             [01;31m[K^~~~[m[K
[01m[K/home/alves/LASER/teste/src/laser_uav_px4_api/src/api_node.cpp:430:31:[m[K [01;31m[Kerror: [m[Kâ€˜[01m[Kx[m[Kâ€™ was not declared in this scope
  430 |         msg.pose.position.x = [01;31m[Kx[m[K;
      |                               [01;31m[K^[m[K
[01m[K/home/alves/LASER/teste/src/laser_uav_px4_api/src/api_node.cpp:431:13:[m[K [01;31m[Kerror: [m[Kâ€˜[01m[Kstruct laser_msgs::msg::PoseWithHeading_<std::allocator<void> >[m[Kâ€™ has no member named â€˜[01m[Kpose[m[Kâ€™
  431 |         msg.[01;31m[Kpose[m[K.position.y = y;
      |             [01;31m[K^~~~[m[K
[01m[K/home/alves/LASER/teste/src/laser_uav_px4_api/src/api_node.cpp:431:31:[m[K [01;31m[Kerror: [m[Kâ€˜[01m[Ky[m[Kâ€™ was not declared in this scope; did you mean â€˜[01m[Kyn[m[Kâ€™?
  431 |         msg.pose.position.y = [01;31m[Ky[m[K;
      |                               [01;31m[K^[m[K
      |                               [32m[Kyn[m[K
[01m[K/home/alves/LASER/teste/src/laser_uav_px4_api/src/api_node.cpp:432:13:[m[K [01;31m[Kerror: [m[Kâ€˜[01m[Kstruct laser_msgs::msg::PoseWithHeading_<std::allocator<void> >[m[Kâ€™ has no member named â€˜[01m[Kpose[m[Kâ€™
  432 |         msg.[01;31m[Kpose[m[K.position.z = z;
      |             [01;31m[K^~~~[m[K
[01m[K/home/alves/LASER/teste/src/laser_uav_px4_api/src/api_node.cpp:432:31:[m[K [01;31m[Kerror: [m[Kâ€˜[01m[Kz[m[Kâ€™ was not declared in this scope
  432 |         msg.pose.position.z = [01;31m[Kz[m[K;
      |                               [01;31m[K^[m[K
[01m[K/home/alves/LASER/teste/src/laser_uav_px4_api/src/api_node.cpp:433:23:[m[K [01;31m[Kerror: [m[Kâ€˜[01m[Kheading[m[Kâ€™ was not declared in this scope
  433 |         msg.heading = [01;31m[Kheading[m[K;
      |                       [01;31m[K^~~~~~~[m[K
In file included from [01m[K/opt/ros/humble/include/rclcpp/rclcpp/client.hpp:40[m[K,
                 from [01m[K/opt/ros/humble/include/rclcpp/rclcpp/callback_group.hpp:24[m[K,
                 from [01m[K/opt/ros/humble/include/rclcpp/rclcpp/any_executable.hpp:20[m[K,
                 from [01m[K/opt/ros/humble/include/rclcpp/rclcpp/memory_strategy.hpp:25[m[K,
                 from [01m[K/opt/ros/humble/include/rclcpp/rclcpp/memory_strategies.hpp:18[m[K,
                 from [01m[K/opt/ros/humble/include/rclcpp/rclcpp/executor_options.hpp:20[m[K,
                 from [01m[K/opt/ros/humble/include/rclcpp/rclcpp/executor.hpp:37[m[K,
                 from [01m[K/opt/ros/humble/include/rclcpp/rclcpp/executors/multi_threaded_executor.hpp:25[m[K,
                 from [01m[K/opt/ros/humble/include/rclcpp/rclcpp/executors.hpp:21[m[K,
                 from [01m[K/opt/ros/humble/include/rclcpp/rclcpp/rclcpp.hpp:155[m[K,
                 from [01m[K/home/alves/LASER/teste/src/laser_uav_px4_api/include/laser_uav_px4_api/api_node.hpp:9[m[K,
                 from [01m[K/home/alves/LASER/teste/src/laser_uav_px4_api/src/api_node.cpp:1[m[K:
[01m[K/home/alves/LASER/teste/src/laser_uav_px4_api/src/api_node.cpp:435:26:[m[K [01;31m[Kerror: [m[Kinvalid use of â€˜[01m[Kthis[m[Kâ€™ in non-member function
  435 |         RCLCPP_INFO_ONCE([01;31m[Kthis[m[K->get_logger(), "Switch on - publishing");
      |                          [01;31m[K^~~~[m[K
[01m[K/home/alves/LASER/teste/src/laser_uav_px4_api/src/api_node.cpp:435:26:[m[K [01;31m[Kerror: [m[Kinvalid use of â€˜[01m[Kthis[m[Kâ€™ in non-member function
[01m[K/home/alves/LASER/teste/src/laser_uav_px4_api/src/api_node.cpp:435:9:[m[K [01;31m[Kerror: [m[Ktemplate argument 1 is invalid
  435 |         [01;31m[KRCLCPP_INFO_ONCE[m[K(this->get_logger(), "Switch on - publishing");
      |         [01;31m[K^~~~~~~~~~~~~~~~[m[K
[01m[K/home/alves/LASER/teste/src/laser_uav_px4_api/src/api_node.cpp:435:9:[m[K [01;31m[Kerror: [m[Ktemplate argument 1 is invalid
  435 |         [01;31m[KRCLCPP_INFO_ONCE[m[K(this->get_logger(), "Switch on - publishing");
      |         [01;31m[K^~~~~~~~~~~~~~~~[m[K
[01m[K/home/alves/LASER/teste/src/laser_uav_px4_api/src/api_node.cpp:435:9:[m[K [01;31m[Kerror: [m[Ktemplate argument 1 is invalid
  435 |         [01;31m[KRCLCPP_INFO_ONCE[m[K(this->get_logger(), "Switch on - publishing");
      |         [01;31m[K^~~~~~~~~~~~~~~~[m[K
In file included from [01m[K/opt/ros/humble/include/rclcpp/rclcpp/logging.hpp:24[m[K,
                 from [01m[K/opt/ros/humble/include/rclcpp/rclcpp/client.hpp:40[m[K,
                 from [01m[K/opt/ros/humble/include/rclcpp/rclcpp/callback_group.hpp:24[m[K,
                 from [01m[K/opt/ros/humble/include/rclcpp/rclcpp/any_executable.hpp:20[m[K,
                 from [01m[K/opt/ros/humble/include/rclcpp/rclcpp/memory_strategy.hpp:25[m[K,
                 from [01m[K/opt/ros/humble/include/rclcpp/rclcpp/memory_strategies.hpp:18[m[K,
                 from [01m[K/opt/ros/humble/include/rclcpp/rclcpp/executor_options.hpp:20[m[K,
                 from [01m[K/opt/ros/humble/include/rclcpp/rclcpp/executor.hpp:37[m[K,
                 from [01m[K/opt/ros/humble/include/rclcpp/rclcpp/executors/multi_threaded_executor.hpp:25[m[K,
                 from [01m[K/opt/ros/humble/include/rclcpp/rclcpp/executors.hpp:21[m[K,
                 from [01m[K/opt/ros/humble/include/rclcpp/rclcpp/rclcpp.hpp:155[m[K,
                 from [01m[K/home/alves/LASER/teste/src/laser_uav_px4_api/include/laser_uav_px4_api/api_node.hpp:9[m[K,
                 from [01m[K/home/alves/LASER/teste/src/laser_uav_px4_api/src/api_node.cpp:1[m[K:
[01m[K/home/alves/LASER/teste/src/laser_uav_px4_api/src/api_node.cpp:435:26:[m[K [01;31m[Kerror: [m[Kinvalid use of â€˜[01m[Kthis[m[Kâ€™ in non-member function
  435 |         RCLCPP_INFO_ONCE([01;31m[Kthis[m[K->get_logger(), "Switch on - publishing");
      |                          [01;31m[K^~~~[m[K
[01m[K/home/alves/LASER/teste/src/laser_uav_px4_api/src/api_node.cpp:435:26:[m[K [01;31m[Kerror: [m[Kinvalid use of â€˜[01m[Kthis[m[Kâ€™ in non-member function
  435 |         RCLCPP_INFO_ONCE([01;31m[Kthis[m[K->get_logger(), "Switch on - publishing");
      |                          [01;31m[K^~~~[m[K
[01m[K/home/alves/LASER/teste/src/laser_uav_px4_api/src/api_node.cpp:437:9:[m[K [01;31m[Kerror: [m[Kâ€˜[01m[Kpub_px4_rc_[m[Kâ€™ was not declared in this scope
  437 |         [01;31m[Kpub_px4_rc_[m[K->publish(msg);
      |         [01;31m[K^~~~~~~~~~~[m[K
In file included from [01m[K/opt/ros/humble/include/rclcpp/rclcpp/client.hpp:40[m[K,
                 from [01m[K/opt/ros/humble/include/rclcpp/rclcpp/callback_group.hpp:24[m[K,
                 from [01m[K/opt/ros/humble/include/rclcpp/rclcpp/any_executable.hpp:20[m[K,
                 from [01m[K/opt/ros/humble/include/rclcpp/rclcpp/memory_strategy.hpp:25[m[K,
                 from [01m[K/opt/ros/humble/include/rclcpp/rclcpp/memory_strategies.hpp:18[m[K,
                 from [01m[K/opt/ros/humble/include/rclcpp/rclcpp/executor_options.hpp:20[m[K,
                 from [01m[K/opt/ros/humble/include/rclcpp/rclcpp/executor.hpp:37[m[K,
                 from [01m[K/opt/ros/humble/include/rclcpp/rclcpp/executors/multi_threaded_executor.hpp:25[m[K,
                 from [01m[K/opt/ros/humble/include/rclcpp/rclcpp/executors.hpp:21[m[K,
                 from [01m[K/opt/ros/humble/include/rclcpp/rclcpp/rclcpp.hpp:155[m[K,
                 from [01m[K/home/alves/LASER/teste/src/laser_uav_px4_api/include/laser_uav_px4_api/api_node.hpp:9[m[K,
                 from [01m[K/home/alves/LASER/teste/src/laser_uav_px4_api/src/api_node.cpp:1[m[K:
[01m[K/home/alves/LASER/teste/src/laser_uav_px4_api/src/api_node.cpp:441:26:[m[K [01;31m[Kerror: [m[Kinvalid use of â€˜[01m[Kthis[m[Kâ€™ in non-member function
  441 |         RCLCPP_WARN_ONCE([01;31m[Kthis[m[K->get_logger(), "Switch off - not publishing");
      |                          [01;31m[K^~~~[m[K
[01m[K/home/alves/LASER/teste/src/laser_uav_px4_api/src/api_node.cpp:441:26:[m[K [01;31m[Kerror: [m[Kinvalid use of â€˜[01m[Kthis[m[Kâ€™ in non-member function
[01m[K/home/alves/LASER/teste/src/laser_uav_px4_api/src/api_node.cpp:441:9:[m[K [01;31m[Kerror: [m[Ktemplate argument 1 is invalid
  441 |         [01;31m[KRCLCPP_WARN_ONCE[m[K(this->get_logger(), "Switch off - not publishing");
      |         [01;31m[K^~~~~~~~~~~~~~~~[m[K
[01m[K/home/alves/LASER/teste/src/laser_uav_px4_api/src/api_node.cpp:441:9:[m[K [01;31m[Kerror: [m[Ktemplate argument 1 is invalid
  441 |         [01;31m[KRCLCPP_WARN_ONCE[m[K(this->get_logger(), "Switch off - not publishing");
      |         [01;31m[K^~~~~~~~~~~~~~~~[m[K
[01m[K/home/alves/LASER/teste/src/laser_uav_px4_api/src/api_node.cpp:441:9:[m[K [01;31m[Kerror: [m[Ktemplate argument 1 is invalid
  441 |         [01;31m[KRCLCPP_WARN_ONCE[m[K(this->get_logger(), "Switch off - not publishing");
      |         [01;31m[K^~~~~~~~~~~~~~~~[m[K
In file included from [01m[K/opt/ros/humble/include/rclcpp/rclcpp/logging.hpp:24[m[K,
                 from [01m[K/opt/ros/humble/include/rclcpp/rclcpp/client.hpp:40[m[K,
                 from [01m[K/opt/ros/humble/include/rclcpp/rclcpp/callback_group.hpp:24[m[K,
                 from [01m[K/opt/ros/humble/include/rclcpp/rclcpp/any_executable.hpp:20[m[K,
                 from [01m[K/opt/ros/humble/include/rclcpp/rclcpp/memory_strategy.hpp:25[m[K,
                 from [01m[K/opt/ros/humble/include/rclcpp/rclcpp/memory_strategies.hpp:18[m[K,
                 from [01m[K/opt/ros/humble/include/rclcpp/rclcpp/executor_options.hpp:20[m[K,
                 from [01m[K/opt/ros/humble/include/rclcpp/rclcpp/executor.hpp:37[m[K,
                 from [01m[K/opt/ros/humble/include/rclcpp/rclcpp/executors/multi_threaded_executor.hpp:25[m[K,
                 from [01m[K/opt/ros/humble/include/rclcpp/rclcpp/executors.hpp:21[m[K,
                 from [01m[K/opt/ros/humble/include/rclcpp/rclcpp/rclcpp.hpp:155[m[K,
                 from [01m[K/home/alves/LASER/teste/src/laser_uav_px4_api/include/laser_uav_px4_api/api_node.hpp:9[m[K,
                 from [01m[K/home/alves/LASER/teste/src/laser_uav_px4_api/src/api_node.cpp:1[m[K:
[01m[K/home/alves/LASER/teste/src/laser_uav_px4_api/src/api_node.cpp:441:26:[m[K [01;31m[Kerror: [m[Kinvalid use of â€˜[01m[Kthis[m[Kâ€™ in non-member function
  441 |         RCLCPP_WARN_ONCE([01;31m[Kthis[m[K->get_logger(), "Switch off - not publishing");
      |                          [01;31m[K^~~~[m[K
[01m[K/home/alves/LASER/teste/src/laser_uav_px4_api/src/api_node.cpp:441:26:[m[K [01;31m[Kerror: [m[Kinvalid use of â€˜[01m[Kthis[m[Kâ€™ in non-member function
  441 |         RCLCPP_WARN_ONCE([01;31m[Kthis[m[K->get_logger(), "Switch off - not publishing");
      |                          [01;31m[K^~~~[m[K
gmake[2]: *** [CMakeFiles/api_core.dir/build.make:76: CMakeFiles/api_core.dir/src/api_node.cpp.o] Erro 1
gmake[1]: *** [CMakeFiles/Makefile2:165: CMakeFiles/api_core.dir/all] Erro 2
gmake: *** [Makefile:146: all] Erro 2
